make a a circle
:|1 2 3 4 5 6 7 8 9 0 1 2 3 4 5 6 7 8 9 0 1 2 3 4 5 6 7 8 9 0 |:
:|____________________________________________________________|:
:|. . . . . . . . . . . . . . . . . . . . . . . . . . . . . . |:1
:| . . . . . . . . . . .ooooooooooooooo. . . . . . . . . . . .|:2
:|. . . . . . . . . . .ooooooooooooooooo. . . . . . . . . . . |:3
:| . . . . . . . . . ooooooooooooooooooooo . . . . . . . . . .|:4
:|. . . . . . . . . ooooooo . . . . ooooooo . . . . . . . . . |:5
:| . . . . . . . . .ooooo. . . . . . .ooooo. . . . . . . . . .|:6
:|. . . . . . . . .ooooo. . . . . . . .ooooo. . . . . . . . . |:7
:| . . . . . . . .ooooo. . . . . . . . .ooooo. . . . . . . . .|:8
:|. . . . . . . . oooo. . . . . . . . . .oooo . . . . . . . . |:9
:| . . . . . . . ooooo . . . . . . . . . ooooo . . . . . . . .|:10
:|. . . . . . . .oooo . . . . . . . . . . oooo. . . . . . . . |:11
:| . . . . . . . oooo. . . . . . . . . . .oooo . . . . . . . .|:12
:|. . . . . . . .oooo . . . . . . . . . . oooo. . . . . . . . |:13
:| . . . . . . . oooo. . . . . . . . . . .oooo . . . . . . . .|:14
:|. . . . . . . .oooo . . . . . . . . . . oooo. . . . . . . . |:15
:| . . . . . . . oooo. . . . . . . . . . .oooo . . . . . . . .|:16
:|. . . . . . . .oooo . . . . . . . . . . oooo. . . . . . . . |:17
:| . . . . . . . oooo. . . . . . . . . . .oooo . . . . . . . .|:18
:|. . . . . . . .oooo . . . . . . . . . . oooo. . . . . . . . |:19
:| . . . . . . . ooooo . . . . . . . . . ooooo . . . . . . . .|:20
:|. . . . . . . . oooo. . . . . . . . . .oooo . . . . . . . . |:21
:| . . . . . . . .ooooo. . . . . . . . .ooooo. . . . . . . . .|:22
:|. . . . . . . . .ooooo. . . . . . . .ooooo. . . . . . . . . |:23
:| . . . . . . . . .ooooo. . . . . . .ooooo. . . . . . . . . .|:24
:|. . . . . . . . . ooooooo . . . . ooooooo . . . . . . . . . |:25
:| . . . . . . . . . ooooooooooooooooooooo . . . . . . . . . .|:26
:|. . . . . . . . . . .ooooooooooooooooo. . . . . . . . . . . |:27
:| . . . . . . . . . . .ooooooooooooooo. . . . . . . . . . . .|:28
:|. . . . . . . . . . . . . . . . . . . . . . . . . . . . . . |:29
:| . . . . . . . . . . . . . . . . . . . . . . . . . . . . . .|:30
:|____________________________________________________________|:
:| 1 2 3 4 5 6 7 8 9 0 1 2 3 4 5 6 7 8 9 0 1 2 3 4 5 6 7 8 9 0|:

